2021-04-22T14:30:10.201Z - normal: Load ~/.CocosCreator/settings.json
2021-04-22T14:30:10.237Z - normal: Initializing Asset Database
2021-04-22T14:30:10.239Z - normal: checking language setting...
2021-04-22T14:30:10.239Z - normal: Language: zh
2021-04-22T14:30:10.745Z - success: protocol editor-framework registered
2021-04-22T14:30:10.745Z - success: protocol app registered
2021-04-22T14:30:10.745Z - success: protocol theme registered
2021-04-22T14:30:10.745Z - success: protocol packages registered
2021-04-22T14:30:10.745Z - success: protocol uuid registerred
2021-04-22T14:30:10.746Z - success: protocol db registerred
2021-04-22T14:30:10.746Z - success: protocol thumbnail registerred
2021-04-22T14:30:10.746Z - success: protocol unpack registerred
2021-04-22T14:30:10.746Z - success: protocol disable-commonjs registerred
2021-04-22T14:30:10.827Z - normal: connected!
2021-04-22T14:30:10.828Z - normal: Check project /Users/gaojunfeng/Desktop/cocosChooseCity/cocoscreatorChooseCity
2021-04-22T14:30:10.830Z - normal: Initializing project /Users/gaojunfeng/Desktop/cocosChooseCity/cocoscreatorChooseCity
2021-04-22T14:30:10.923Z - success: adapters loaded
2021-04-22T14:30:10.925Z - success: asset-db-debugger loaded
2021-04-22T14:30:10.957Z - success: fb-audience-network loaded
2021-04-22T14:30:10.973Z - success: fb-live-stream loaded
2021-04-22T14:30:10.974Z - success: google-play-instant loaded
2021-04-22T14:30:10.974Z - success: jsb-adapter loaded
2021-04-22T14:30:10.976Z - success: package-manager loaded
2021-04-22T14:30:10.976Z - success: runtime-adapters loaded
2021-04-22T14:30:10.977Z - success: runtime-dev-tools loaded
2021-04-22T14:30:10.979Z - success: ui-kit-preview-extra loaded
2021-04-22T14:30:10.980Z - success: ui-kit-preview loaded
2021-04-22T14:30:11.011Z - success: alipay-minigame loaded
2021-04-22T14:30:11.057Z - success: assets loaded
2021-04-22T14:30:11.058Z - success: baidugame-opendata loaded
2021-04-22T14:30:11.059Z - success: baidugame loaded
2021-04-22T14:30:11.062Z - success: builder loaded
2021-04-22T14:30:11.063Z - success: bytedance-opendata loaded
2021-04-22T14:30:11.064Z - success: bytedance loaded
2021-04-22T14:30:11.065Z - success: channel-upload-tools loaded
2021-04-22T14:30:11.067Z - success: cloud-function loaded
2021-04-22T14:30:11.162Z - success: cocos-services loaded
2021-04-22T14:30:11.165Z - success: console loaded
2021-04-22T14:30:11.166Z - success: curve-editor loaded
2021-04-22T14:30:11.174Z - success: fb-instant-games loaded
2021-04-22T14:30:11.176Z - success: game-window loaded
2021-04-22T14:30:11.176Z - success: google-instant-games loaded
2021-04-22T14:30:11.180Z - success: hierarchy loaded
2021-04-22T14:30:11.181Z - success: huawei-agc loaded
2021-04-22T14:30:11.183Z - success: huawei-runtime loaded
2021-04-22T14:30:11.185Z - success: inspector loaded
2021-04-22T14:30:11.195Z - success: cpk-publish loaded
2021-04-22T14:30:11.195Z - success: keystore loaded
2021-04-22T14:30:11.205Z - success: link-sure-runtime loaded
2021-04-22T14:30:11.212Z - success: node-library loaded
2021-04-22T14:30:11.212Z - success: open-recent-items loaded
2021-04-22T14:30:11.214Z - success: oppo-runtime loaded
2021-04-22T14:30:11.215Z - success: package-asset loaded
2021-04-22T14:30:11.215Z - success: preferences loaded
2021-04-22T14:30:11.217Z - success: project-importer loaded
2021-04-22T14:30:11.219Z - success: project-settings loaded
2021-04-22T14:30:11.228Z - success: qtt-runtime loaded
2021-04-22T14:30:11.230Z - success: scene loaded
2021-04-22T14:30:11.230Z - success: simulator-debugger loaded
2021-04-22T14:30:11.231Z - success: sprite-editor loaded
2021-04-22T14:30:11.248Z - success: store loaded
2021-04-22T14:30:11.250Z - success: timeline loaded
2021-04-22T14:30:11.252Z - success: vivo-runtime loaded
2021-04-22T14:30:11.253Z - success: wechatgame-opendata loaded
2021-04-22T14:30:11.255Z - success: wechatgame loaded
2021-04-22T14:30:11.256Z - success: xiaomi-runtime loaded
2021-04-22T14:30:11.330Z - success: im-plugin loaded
2021-04-22T14:30:11.380Z - success: simple-code loaded
2021-04-22T14:30:11.381Z - success: preview server running at http://localhost:7456
2021-04-22T14:30:12.296Z - info: Cocos Service load base data!
2021-04-22T14:30:12.627Z - normal: Initializing Cocos2d
2021-04-22T14:30:12.811Z - normal: Initializing engine extends
2021-04-22T14:30:13.494Z - normal: Loading packages
2021-04-22T14:30:13.497Z - normal: Watching packages
2021-04-22T14:30:13.663Z - normal: Run Application
